Unable to load library file:///root/cs/comsci/public/11100000111/three.ts at /root/cs/comsci/public/11100000111/.vscode-server-insiders/bin/45b31e9a872da8cc3cc8fff41c1eeb2063be04b7/extensions/node_modules/typescript/lib/file:/root/cs/comsci/public/11100000111/three.ts
Unable to load library file:///root/cs/comsci/public/11100000111/three.tsx at /root/cs/comsci/public/11100000111/.vscode-server-insiders/bin/45b31e9a872da8cc3cc8fff41c1eeb2063be04b7/extensions/node_modules/typescript/lib/file:/root/cs/comsci/public/11100000111/three.tsx
Unable to load library file:///root/cs/comsci/public/11100000111/three.d.ts at /root/cs/comsci/public/11100000111/.vscode-server-insiders/bin/45b31e9a872da8cc3cc8fff41c1eeb2063be04b7/extensions/node_modules/typescript/lib/file:/root/cs/comsci/public/11100000111/three.d.ts
Unable to load library file:///root/cs/comsci/public/three.ts at /root/cs/comsci/public/11100000111/.vscode-server-insiders/bin/45b31e9a872da8cc3cc8fff41c1eeb2063be04b7/extensions/node_modules/typescript/lib/file:/root/cs/comsci/public/three.ts
Unable to load library file:///root/cs/comsci/public/three.tsx at /root/cs/comsci/public/11100000111/.vscode-server-insiders/bin/45b31e9a872da8cc3cc8fff41c1eeb2063be04b7/extensions/node_modules/typescript/lib/file:/root/cs/comsci/public/three.tsx
Unable to load library file:///root/cs/comsci/public/three.d.ts at /root/cs/comsci/public/11100000111/.vscode-server-insiders/bin/45b31e9a872da8cc3cc8fff41c1eeb2063be04b7/extensions/node_modules/typescript/lib/file:/root/cs/comsci/public/three.d.ts
Unable to load library file:///root/cs/comsci/three.ts at /root/cs/comsci/public/11100000111/.vscode-server-insiders/bin/45b31e9a872da8cc3cc8fff41c1eeb2063be04b7/extensions/node_modules/typescript/lib/file:/root/cs/comsci/three.ts
Unable to load library file:///root/cs/comsci/three.tsx at /root/cs/comsci/public/11100000111/.vscode-server-insiders/bin/45b31e9a872da8cc3cc8fff41c1eeb2063be04b7/extensions/node_modules/typescript/lib/file:/root/cs/comsci/three.tsx
Unable to load library file:///root/cs/comsci/three.d.ts at /root/cs/comsci/public/11100000111/.vscode-server-insiders/bin/45b31e9a872da8cc3cc8fff41c1eeb2063be04b7/extensions/node_modules/typescript/lib/file:/root/cs/comsci/three.d.ts
Unable to load library file:///root/cs/three.ts at /root/cs/comsci/public/11100000111/.vscode-server-insiders/bin/45b31e9a872da8cc3cc8fff41c1eeb2063be04b7/extensions/node_modules/typescript/lib/file:/root/cs/three.ts
Unable to load library file:///root/cs/three.tsx at /root/cs/comsci/public/11100000111/.vscode-server-insiders/bin/45b31e9a872da8cc3cc8fff41c1eeb2063be04b7/extensions/node_modules/typescript/lib/file:/root/cs/three.tsx
Unable to load library file:///root/cs/three.d.ts at /root/cs/comsci/public/11100000111/.vscode-server-insiders/bin/45b31e9a872da8cc3cc8fff41c1eeb2063be04b7/extensions/node_modules/typescript/lib/file:/root/cs/three.d.ts
Unable to load library file:///root/three.ts at /root/cs/comsci/public/11100000111/.vscode-server-insiders/bin/45b31e9a872da8cc3cc8fff41c1eeb2063be04b7/extensions/node_modules/typescript/lib/file:/root/three.ts
Unable to load library file:///root/three.tsx at /root/cs/comsci/public/11100000111/.vscode-server-insiders/bin/45b31e9a872da8cc3cc8fff41c1eeb2063be04b7/extensions/node_modules/typescript/lib/file:/root/three.tsx
Unable to load library file:///root/three.d.ts at /root/cs/comsci/public/11100000111/.vscode-server-insiders/bin/45b31e9a872da8cc3cc8fff41c1eeb2063be04b7/extensions/node_modules/typescript/lib/file:/root/three.d.ts
Unable to load library file:///three.ts at /root/cs/comsci/public/11100000111/.vscode-server-insiders/bin/45b31e9a872da8cc3cc8fff41c1eeb2063be04b7/extensions/node_modules/typescript/lib/file:/three.ts
Unable to load library file:///three.tsx at /root/cs/comsci/public/11100000111/.vscode-server-insiders/bin/45b31e9a872da8cc3cc8fff41c1eeb2063be04b7/extensions/node_modules/typescript/lib/file:/three.tsx
Unable to load library file:///three.d.ts at /root/cs/comsci/public/11100000111/.vscode-server-insiders/bin/45b31e9a872da8cc3cc8fff41c1eeb2063be04b7/extensions/node_modules/typescript/lib/file:/three.d.ts
Unable to load library file:///root/cs/comsci/public/11100000111/node_modules/@types/three/package.json at /root/cs/comsci/public/11100000111/.vscode-server-insiders/bin/45b31e9a872da8cc3cc8fff41c1eeb2063be04b7/extensions/node_modules/typescript/lib/file:/root/cs/comsci/public/11100000111/node_modules/@types/three/package.json
Unable to load library file:///root/cs/comsci/public/11100000111/node_modules/@types/three.d.ts at /root/cs/comsci/public/11100000111/.vscode-server-insiders/bin/45b31e9a872da8cc3cc8fff41c1eeb2063be04b7/extensions/node_modules/typescript/lib/file:/root/cs/comsci/public/11100000111/node_modules/@types/three.d.ts
Unable to load library file:///root/cs/comsci/public/11100000111/node_modules/@types/three/index.d.ts at /root/cs/comsci/public/11100000111/.vscode-server-insiders/bin/45b31e9a872da8cc3cc8fff41c1eeb2063be04b7/extensions/node_modules/typescript/lib/file:/root/cs/comsci/public/11100000111/node_modules/@types/three/index.d.ts
Unable to load library file:///root/cs/comsci/public/node_modules/@types/three/package.json at /root/cs/comsci/public/11100000111/.vscode-server-insiders/bin/45b31e9a872da8cc3cc8fff41c1eeb2063be04b7/extensions/node_modules/typescript/lib/file:/root/cs/comsci/public/node_modules/@types/three/package.json
Unable to load library file:///root/cs/comsci/public/node_modules/@types/three.d.ts at /root/cs/comsci/public/11100000111/.vscode-server-insiders/bin/45b31e9a872da8cc3cc8fff41c1eeb2063be04b7/extensions/node_modules/typescript/lib/file:/root/cs/comsci/public/node_modules/@types/three.d.ts
Unable to load library file:///root/cs/comsci/public/node_modules/@types/three/index.d.ts at /root/cs/comsci/public/11100000111/.vscode-server-insiders/bin/45b31e9a872da8cc3cc8fff41c1eeb2063be04b7/extensions/node_modules/typescript/lib/file:/root/cs/comsci/public/node_modules/@types/three/index.d.ts
Unable to load library file:///root/cs/comsci/node_modules/@types/three/package.json at /root/cs/comsci/public/11100000111/.vscode-server-insiders/bin/45b31e9a872da8cc3cc8fff41c1eeb2063be04b7/extensions/node_modules/typescript/lib/file:/root/cs/comsci/node_modules/@types/three/package.json
Unable to load library file:///root/cs/comsci/node_modules/@types/three.d.ts at /root/cs/comsci/public/11100000111/.vscode-server-insiders/bin/45b31e9a872da8cc3cc8fff41c1eeb2063be04b7/extensions/node_modules/typescript/lib/file:/root/cs/comsci/node_modules/@types/three.d.ts
Unable to load library file:///root/cs/comsci/node_modules/@types/three/index.d.ts at /root/cs/comsci/public/11100000111/.vscode-server-insiders/bin/45b31e9a872da8cc3cc8fff41c1eeb2063be04b7/extensions/node_modules/typescript/lib/file:/root/cs/comsci/node_modules/@types/three/index.d.ts
Unable to load library file:///root/cs/node_modules/@types/three/package.json at /root/cs/comsci/public/11100000111/.vscode-server-insiders/bin/45b31e9a872da8cc3cc8fff41c1eeb2063be04b7/extensions/node_modules/typescript/lib/file:/root/cs/node_modules/@types/three/package.json
Unable to load library file:///root/cs/node_modules/@types/three.d.ts at /root/cs/comsci/public/11100000111/.vscode-server-insiders/bin/45b31e9a872da8cc3cc8fff41c1eeb2063be04b7/extensions/node_modules/typescript/lib/file:/root/cs/node_modules/@types/three.d.ts
Unable to load library file:///root/cs/node_modules/@types/three/index.d.ts at /root/cs/comsci/public/11100000111/.vscode-server-insiders/bin/45b31e9a872da8cc3cc8fff41c1eeb2063be04b7/extensions/node_modules/typescript/lib/file:/root/cs/node_modules/@types/three/index.d.ts
Unable to load library file:///root/node_modules/@types/three/package.json at /root/cs/comsci/public/11100000111/.vscode-server-insiders/bin/45b31e9a872da8cc3cc8fff41c1eeb2063be04b7/extensions/node_modules/typescript/lib/file:/root/node_modules/@types/three/package.json
Unable to load library file:///root/node_modules/@types/three.d.ts at /root/cs/comsci/public/11100000111/.vscode-server-insiders/bin/45b31e9a872da8cc3cc8fff41c1eeb2063be04b7/extensions/node_modules/typescript/lib/file:/root/node_modules/@types/three.d.ts
Unable to load library file:///root/node_modules/@types/three/index.d.ts at /root/cs/comsci/public/11100000111/.vscode-server-insiders/bin/45b31e9a872da8cc3cc8fff41c1eeb2063be04b7/extensions/node_modules/typescript/lib/file:/root/node_modules/@types/three/index.d.ts
Unable to load library file:///node_modules/@types/three/package.json at /root/cs/comsci/public/11100000111/.vscode-server-insiders/bin/45b31e9a872da8cc3cc8fff41c1eeb2063be04b7/extensions/node_modules/typescript/lib/file:/node_modules/@types/three/package.json
Unable to load library file:///node_modules/@types/three.d.ts at /root/cs/comsci/public/11100000111/.vscode-server-insiders/bin/45b31e9a872da8cc3cc8fff41c1eeb2063be04b7/extensions/node_modules/typescript/lib/file:/node_modules/@types/three.d.ts
Unable to load library file:///node_modules/@types/three/index.d.ts at /root/cs/comsci/public/11100000111/.vscode-server-insiders/bin/45b31e9a872da8cc3cc8fff41c1eeb2063be04b7/extensions/node_modules/typescript/lib/file:/node_modules/@types/three/index.d.ts
Unable to load library file:///root/cs/comsci/public/11100000111/three.js at /root/cs/comsci/public/11100000111/.vscode-server-insiders/bin/45b31e9a872da8cc3cc8fff41c1eeb2063be04b7/extensions/node_modules/typescript/lib/file:/root/cs/comsci/public/11100000111/three.js
Unable to load library file:///root/cs/comsci/public/11100000111/three.jsx at /root/cs/comsci/public/11100000111/.vscode-server-insiders/bin/45b31e9a872da8cc3cc8fff41c1eeb2063be04b7/extensions/node_modules/typescript/lib/file:/root/cs/comsci/public/11100000111/three.jsx
Unable to load library file:///root/cs/comsci/public/three.js at /root/cs/comsci/public/11100000111/.vscode-server-insiders/bin/45b31e9a872da8cc3cc8fff41c1eeb2063be04b7/extensions/node_modules/typescript/lib/file:/root/cs/comsci/public/three.js
Unable to load library file:///root/cs/comsci/public/three.jsx at /root/cs/comsci/public/11100000111/.vscode-server-insiders/bin/45b31e9a872da8cc3cc8fff41c1eeb2063be04b7/extensions/node_modules/typescript/lib/file:/root/cs/comsci/public/three.jsx
Unable to load library file:///root/cs/comsci/three.js at /root/cs/comsci/public/11100000111/.vscode-server-insiders/bin/45b31e9a872da8cc3cc8fff41c1eeb2063be04b7/extensions/node_modules/typescript/lib/file:/root/cs/comsci/three.js
Unable to load library file:///root/cs/comsci/three.jsx at /root/cs/comsci/public/11100000111/.vscode-server-insiders/bin/45b31e9a872da8cc3cc8fff41c1eeb2063be04b7/extensions/node_modules/typescript/lib/file:/root/cs/comsci/three.jsx
Unable to load library file:///root/cs/three.js at /root/cs/comsci/public/11100000111/.vscode-server-insiders/bin/45b31e9a872da8cc3cc8fff41c1eeb2063be04b7/extensions/node_modules/typescript/lib/file:/root/cs/three.js
Unable to load library file:///root/cs/three.jsx at /root/cs/comsci/public/11100000111/.vscode-server-insiders/bin/45b31e9a872da8cc3cc8fff41c1eeb2063be04b7/extensions/node_modules/typescript/lib/file:/root/cs/three.jsx
Unable to load library file:///root/three.js at /root/cs/comsci/public/11100000111/.vscode-server-insiders/bin/45b31e9a872da8cc3cc8fff41c1eeb2063be04b7/extensions/node_modules/typescript/lib/file:/root/three.js
Unable to load library file:///root/three.jsx at /root/cs/comsci/public/11100000111/.vscode-server-insiders/bin/45b31e9a872da8cc3cc8fff41c1eeb2063be04b7/extensions/node_modules/typescript/lib/file:/root/three.jsx
Unable to load library file:///three.js at /root/cs/comsci/public/11100000111/.vscode-server-insiders/bin/45b31e9a872da8cc3cc8fff41c1eeb2063be04b7/extensions/node_modules/typescript/lib/file:/three.js
Unable to load library file:///three.jsx at /root/cs/comsci/public/11100000111/.vscode-server-insiders/bin/45b31e9a872da8cc3cc8fff41c1eeb2063be04b7/extensions/node_modules/typescript/lib/file:/three.jsx
Unable to load library file:///root/cs/comsci/public/11100000111/stats.ts at /root/cs/comsci/public/11100000111/.vscode-server-insiders/bin/45b31e9a872da8cc3cc8fff41c1eeb2063be04b7/extensions/node_modules/typescript/lib/file:/root/cs/comsci/public/11100000111/stats.ts
Unable to load library file:///root/cs/comsci/public/11100000111/stats.tsx at /root/cs/comsci/public/11100000111/.vscode-server-insiders/bin/45b31e9a872da8cc3cc8fff41c1eeb2063be04b7/extensions/node_modules/typescript/lib/file:/root/cs/comsci/public/11100000111/stats.tsx
Unable to load library file:///root/cs/comsci/public/11100000111/stats.d.ts at /root/cs/comsci/public/11100000111/.vscode-server-insiders/bin/45b31e9a872da8cc3cc8fff41c1eeb2063be04b7/extensions/node_modules/typescript/lib/file:/root/cs/comsci/public/11100000111/stats.d.ts
Unable to load library file:///root/cs/comsci/public/stats.ts at /root/cs/comsci/public/11100000111/.vscode-server-insiders/bin/45b31e9a872da8cc3cc8fff41c1eeb2063be04b7/extensions/node_modules/typescript/lib/file:/root/cs/comsci/public/stats.ts
Unable to load library file:///root/cs/comsci/public/stats.tsx at /root/cs/comsci/public/11100000111/.vscode-server-insiders/bin/45b31e9a872da8cc3cc8fff41c1eeb2063be04b7/extensions/node_modules/typescript/lib/file:/root/cs/comsci/public/stats.tsx
Unable to load library file:///root/cs/comsci/public/stats.d.ts at /root/cs/comsci/public/11100000111/.vscode-server-insiders/bin/45b31e9a872da8cc3cc8fff41c1eeb2063be04b7/extensions/node_modules/typescript/lib/file:/root/cs/comsci/public/stats.d.ts
Unable to load library file:///root/cs/comsci/stats.ts at /root/cs/comsci/public/11100000111/.vscode-server-insiders/bin/45b31e9a872da8cc3cc8fff41c1eeb2063be04b7/extensions/node_modules/typescript/lib/file:/root/cs/comsci/stats.ts
Unable to load library file:///root/cs/comsci/stats.tsx at /root/cs/comsci/public/11100000111/.vscode-server-insiders/bin/45b31e9a872da8cc3cc8fff41c1eeb2063be04b7/extensions/node_modules/typescript/lib/file:/root/cs/comsci/stats.tsx
Unable to load library file:///root/cs/comsci/stats.d.ts at /root/cs/comsci/public/11100000111/.vscode-server-insiders/bin/45b31e9a872da8cc3cc8fff41c1eeb2063be04b7/extensions/node_modules/typescript/lib/file:/root/cs/comsci/stats.d.ts
Unable to load library file:///root/cs/stats.ts at /root/cs/comsci/public/11100000111/.vscode-server-insiders/bin/45b31e9a872da8cc3cc8fff41c1eeb2063be04b7/extensions/node_modules/typescript/lib/file:/root/cs/stats.ts
Unable to load library file:///root/cs/stats.tsx at /root/cs/comsci/public/11100000111/.vscode-server-insiders/bin/45b31e9a872da8cc3cc8fff41c1eeb2063be04b7/extensions/node_modules/typescript/lib/file:/root/cs/stats.tsx
Unable to load library file:///root/cs/stats.d.ts at /root/cs/comsci/public/11100000111/.vscode-server-insiders/bin/45b31e9a872da8cc3cc8fff41c1eeb2063be04b7/extensions/node_modules/typescript/lib/file:/root/cs/stats.d.ts
Unable to load library file:///root/stats.ts at /root/cs/comsci/public/11100000111/.vscode-server-insiders/bin/45b31e9a872da8cc3cc8fff41c1eeb2063be04b7/extensions/node_modules/typescript/lib/file:/root/stats.ts
Unable to load library file:///root/stats.tsx at /root/cs/comsci/public/11100000111/.vscode-server-insiders/bin/45b31e9a872da8cc3cc8fff41c1eeb2063be04b7/extensions/node_modules/typescript/lib/file:/root/stats.tsx
Unable to load library file:///root/stats.d.ts at /root/cs/comsci/public/11100000111/.vscode-server-insiders/bin/45b31e9a872da8cc3cc8fff41c1eeb2063be04b7/extensions/node_modules/typescript/lib/file:/root/stats.d.ts
Unable to load library file:///stats.ts at /root/cs/comsci/public/11100000111/.vscode-server-insiders/bin/45b31e9a872da8cc3cc8fff41c1eeb2063be04b7/extensions/node_modules/typescript/lib/file:/stats.ts
Unable to load library file:///stats.tsx at /root/cs/comsci/public/11100000111/.vscode-server-insiders/bin/45b31e9a872da8cc3cc8fff41c1eeb2063be04b7/extensions/node_modules/typescript/lib/file:/stats.tsx
Unable to load library file:///stats.d.ts at /root/cs/comsci/public/11100000111/.vscode-server-insiders/bin/45b31e9a872da8cc3cc8fff41c1eeb2063be04b7/extensions/node_modules/typescript/lib/file:/stats.d.ts
Unable to load library file:///root/cs/comsci/public/11100000111/node_modules/@types/stats/package.json at /root/cs/comsci/public/11100000111/.vscode-server-insiders/bin/45b31e9a872da8cc3cc8fff41c1eeb2063be04b7/extensions/node_modules/typescript/lib/file:/root/cs/comsci/public/11100000111/node_modules/@types/stats/package.json
Unable to load library file:///root/cs/comsci/public/11100000111/node_modules/@types/stats.d.ts at /root/cs/comsci/public/11100000111/.vscode-server-insiders/bin/45b31e9a872da8cc3cc8fff41c1eeb2063be04b7/extensions/node_modules/typescript/lib/file:/root/cs/comsci/public/11100000111/node_modules/@types/stats.d.ts
Unable to load library file:///root/cs/comsci/public/11100000111/node_modules/@types/stats/index.d.ts at /root/cs/comsci/public/11100000111/.vscode-server-insiders/bin/45b31e9a872da8cc3cc8fff41c1eeb2063be04b7/extensions/node_modules/typescript/lib/file:/root/cs/comsci/public/11100000111/node_modules/@types/stats/index.d.ts
Unable to load library file:///root/cs/comsci/public/node_modules/@types/stats/package.json at /root/cs/comsci/public/11100000111/.vscode-server-insiders/bin/45b31e9a872da8cc3cc8fff41c1eeb2063be04b7/extensions/node_modules/typescript/lib/file:/root/cs/comsci/public/node_modules/@types/stats/package.json
Unable to load library file:///root/cs/comsci/public/node_modules/@types/stats.d.ts at /root/cs/comsci/public/11100000111/.vscode-server-insiders/bin/45b31e9a872da8cc3cc8fff41c1eeb2063be04b7/extensions/node_modules/typescript/lib/file:/root/cs/comsci/public/node_modules/@types/stats.d.ts
Unable to load library file:///root/cs/comsci/public/node_modules/@types/stats/index.d.ts at /root/cs/comsci/public/11100000111/.vscode-server-insiders/bin/45b31e9a872da8cc3cc8fff41c1eeb2063be04b7/extensions/node_modules/typescript/lib/file:/root/cs/comsci/public/node_modules/@types/stats/index.d.ts
Unable to load library file:///root/cs/comsci/node_modules/@types/stats/package.json at /root/cs/comsci/public/11100000111/.vscode-server-insiders/bin/45b31e9a872da8cc3cc8fff41c1eeb2063be04b7/extensions/node_modules/typescript/lib/file:/root/cs/comsci/node_modules/@types/stats/package.json
Unable to load library file:///root/cs/comsci/node_modules/@types/stats.d.ts at /root/cs/comsci/public/11100000111/.vscode-server-insiders/bin/45b31e9a872da8cc3cc8fff41c1eeb2063be04b7/extensions/node_modules/typescript/lib/file:/root/cs/comsci/node_modules/@types/stats.d.ts
Unable to load library file:///root/cs/comsci/node_modules/@types/stats/index.d.ts at /root/cs/comsci/public/11100000111/.vscode-server-insiders/bin/45b31e9a872da8cc3cc8fff41c1eeb2063be04b7/extensions/node_modules/typescript/lib/file:/root/cs/comsci/node_modules/@types/stats/index.d.ts
Unable to load library file:///root/cs/node_modules/@types/stats/package.json at /root/cs/comsci/public/11100000111/.vscode-server-insiders/bin/45b31e9a872da8cc3cc8fff41c1eeb2063be04b7/extensions/node_modules/typescript/lib/file:/root/cs/node_modules/@types/stats/package.json
Unable to load library file:///root/cs/node_modules/@types/stats.d.ts at /root/cs/comsci/public/11100000111/.vscode-server-insiders/bin/45b31e9a872da8cc3cc8fff41c1eeb2063be04b7/extensions/node_modules/typescript/lib/file:/root/cs/node_modules/@types/stats.d.ts
Unable to load library file:///root/cs/node_modules/@types/stats/index.d.ts at /root/cs/comsci/public/11100000111/.vscode-server-insiders/bin/45b31e9a872da8cc3cc8fff41c1eeb2063be04b7/extensions/node_modules/typescript/lib/file:/root/cs/node_modules/@types/stats/index.d.ts
Unable to load library file:///root/node_modules/@types/stats/package.json at /root/cs/comsci/public/11100000111/.vscode-server-insiders/bin/45b31e9a872da8cc3cc8fff41c1eeb2063be04b7/extensions/node_modules/typescript/lib/file:/root/node_modules/@types/stats/package.json
Unable to load library file:///root/node_modules/@types/stats.d.ts at /root/cs/comsci/public/11100000111/.vscode-server-insiders/bin/45b31e9a872da8cc3cc8fff41c1eeb2063be04b7/extensions/node_modules/typescript/lib/file:/root/node_modules/@types/stats.d.ts
Unable to load library file:///root/node_modules/@types/stats/index.d.ts at /root/cs/comsci/public/11100000111/.vscode-server-insiders/bin/45b31e9a872da8cc3cc8fff41c1eeb2063be04b7/extensions/node_modules/typescript/lib/file:/root/node_modules/@types/stats/index.d.ts
Unable to load library file:///node_modules/@types/stats/package.json at /root/cs/comsci/public/11100000111/.vscode-server-insiders/bin/45b31e9a872da8cc3cc8fff41c1eeb2063be04b7/extensions/node_modules/typescript/lib/file:/node_modules/@types/stats/package.json
Unable to load library file:///node_modules/@types/stats.d.ts at /root/cs/comsci/public/11100000111/.vscode-server-insiders/bin/45b31e9a872da8cc3cc8fff41c1eeb2063be04b7/extensions/node_modules/typescript/lib/file:/node_modules/@types/stats.d.ts
Unable to load library file:///node_modules/@types/stats/index.d.ts at /root/cs/comsci/public/11100000111/.vscode-server-insiders/bin/45b31e9a872da8cc3cc8fff41c1eeb2063be04b7/extensions/node_modules/typescript/lib/file:/node_modules/@types/stats/index.d.ts
Unable to load library file:///root/cs/comsci/public/11100000111/stats.js at /root/cs/comsci/public/11100000111/.vscode-server-insiders/bin/45b31e9a872da8cc3cc8fff41c1eeb2063be04b7/extensions/node_modules/typescript/lib/file:/root/cs/comsci/public/11100000111/stats.js
Unable to load library file:///root/cs/comsci/public/11100000111/stats.jsx at /root/cs/comsci/public/11100000111/.vscode-server-insiders/bin/45b31e9a872da8cc3cc8fff41c1eeb2063be04b7/extensions/node_modules/typescript/lib/file:/root/cs/comsci/public/11100000111/stats.jsx
Unable to load library file:///root/cs/comsci/public/stats.js at /root/cs/comsci/public/11100000111/.vscode-server-insiders/bin/45b31e9a872da8cc3cc8fff41c1eeb2063be04b7/extensions/node_modules/typescript/lib/file:/root/cs/comsci/public/stats.js
Unable to load library file:///root/cs/comsci/public/stats.jsx at /root/cs/comsci/public/11100000111/.vscode-server-insiders/bin/45b31e9a872da8cc3cc8fff41c1eeb2063be04b7/extensions/node_modules/typescript/lib/file:/root/cs/comsci/public/stats.jsx
Unable to load library file:///root/cs/comsci/stats.js at /root/cs/comsci/public/11100000111/.vscode-server-insiders/bin/45b31e9a872da8cc3cc8fff41c1eeb2063be04b7/extensions/node_modules/typescript/lib/file:/root/cs/comsci/stats.js
Unable to load library file:///root/cs/comsci/stats.jsx at /root/cs/comsci/public/11100000111/.vscode-server-insiders/bin/45b31e9a872da8cc3cc8fff41c1eeb2063be04b7/extensions/node_modules/typescript/lib/file:/root/cs/comsci/stats.jsx
Unable to load library file:///root/cs/stats.js at /root/cs/comsci/public/11100000111/.vscode-server-insiders/bin/45b31e9a872da8cc3cc8fff41c1eeb2063be04b7/extensions/node_modules/typescript/lib/file:/root/cs/stats.js
Unable to load library file:///root/cs/stats.jsx at /root/cs/comsci/public/11100000111/.vscode-server-insiders/bin/45b31e9a872da8cc3cc8fff41c1eeb2063be04b7/extensions/node_modules/typescript/lib/file:/root/cs/stats.jsx
Unable to load library file:///root/stats.js at /root/cs/comsci/public/11100000111/.vscode-server-insiders/bin/45b31e9a872da8cc3cc8fff41c1eeb2063be04b7/extensions/node_modules/typescript/lib/file:/root/stats.js
Unable to load library file:///root/stats.jsx at /root/cs/comsci/public/11100000111/.vscode-server-insiders/bin/45b31e9a872da8cc3cc8fff41c1eeb2063be04b7/extensions/node_modules/typescript/lib/file:/root/stats.jsx
Unable to load library file:///stats.js at /root/cs/comsci/public/11100000111/.vscode-server-insiders/bin/45b31e9a872da8cc3cc8fff41c1eeb2063be04b7/extensions/node_modules/typescript/lib/file:/stats.js
Unable to load library file:///stats.jsx at /root/cs/comsci/public/11100000111/.vscode-server-insiders/bin/45b31e9a872da8cc3cc8fff41c1eeb2063be04b7/extensions/node_modules/typescript/lib/file:/stats.jsx
